giggle_android/app/build/intermediates/manifest_merge_blame_file/debug/manifest-merger-blame-debug-report.txt
1<?xml version="1.0" encoding="utf-8"?>
2<manifest xmlns:android="http://schemas.android.com/apk/res/android"
3    package="com.giggle.prototype"
4    android:versionCode="1"
5    android:versionName="1.0" >
6
7    <uses-sdk
8        android:minSdkVersion="26"
8-->src\main\AndroidManifest.xml
9        android:targetSdkVersion="29" />
9-->src\main\AndroidManifest.xml
10    <!--
11         The ACCESS_COARSE/FINE_LOCATION permissions are not required to use
12         Google Maps Android API v2, but you must specify either coarse or fine
13         location permissions for the 'MyLocation' functionality.
14    -->
15    <uses-permission android:name="android.permission.ACCESS_FINE_LOCATION" />
15-->src\main\AndroidManifest.xml:9:5-79
15-->src\main\AndroidManifest.xml:9:22-76
16    <uses-permission android:name="android.permission.INTERNET" />
16-->src\main\AndroidManifest.xml:10:5-67
16-->src\main\AndroidManifest.xml:10:22-64
17    <uses-permission android:name="android.permission.ACCESS_COARSE_LOCATION" />
17-->src\main\AndroidManifest.xml:11:5-81
17-->src\main\AndroidManifest.xml:11:22-78
18    <uses-permission android:name="android.permission.CAMERA" />
18-->src\main\AndroidManifest.xml:12:5-65
18-->src\main\AndroidManifest.xml:12:22-62
19    <uses-permission android:name="android.permission.WRITE_EXTERNAL_STORAGE" />
19-->src\main\AndroidManifest.xml:13:5-81
19-->src\main\AndroidManifest.xml:13:22-78
20    <uses-permission android:name="android.permission.READ_EXTERNAL_STORAGE" />
20-->src\main\AndroidManifest.xml:14:5-80
20-->src\main\AndroidManifest.xml:14:22-77
21
22    <uses-feature android:name="android.hardware.camera2" />
22-->src\main\AndroidManifest.xml:16:5-61
22-->src\main\AndroidManifest.xml:16:19-58
23
24    <!-- Although the *SdkVersion is captured in gradle build files, this is required for non gradle builds -->
25    <!-- <uses-sdk android:minSdkVersion="14" /> -->
26    <uses-permission android:name="android.permission.ACCESS_NETWORK_STATE" />
26-->[com.google.firebase:firebase-firestore:21.4.3] AndroidManifest.xml:13:5-79
26-->[com.google.firebase:firebase-firestore:21.4.3] AndroidManifest.xml:13:22-76
27
28    <uses-feature
28-->[com.google.android.gms:play-services-maps:17.0.0] AndroidManifest.xml:26:5-28:35
29        android:glEsVersion="0x00020000"
29-->[com.google.android.gms:play-services-maps:17.0.0] AndroidManifest.xml:27:9-41
30        android:required="true" />
30-->[com.google.android.gms:play-services-maps:17.0.0] AndroidManifest.xml:28:9-32
31
32    <uses-permission android:name="android.permission.WAKE_LOCK" /> <!-- Required by older versions of Google Play services to create IID tokens -->
32-->[com.google.android.gms:play-services-measurement-api:17.4.0] AndroidManifest.xml:24:5-68
32-->[com.google.android.gms:play-services-measurement-api:17.4.0] AndroidManifest.xml:24:22-65
33    <uses-permission android:name="com.google.android.c2dm.permission.RECEIVE" />
33-->[com.google.firebase:firebase-iid:20.1.5] AndroidManifest.xml:26:5-82
33-->[com.google.firebase:firebase-iid:20.1.5] AndroidManifest.xml:26:22-79
34    <uses-permission android:name="com.google.android.finsky.permission.BIND_GET_INSTALL_REFERRER_SERVICE" />
34-->[com.google.android.gms:play-services-measurement:17.4.0] AndroidManifest.xml:26:5-110
34-->[com.google.android.gms:play-services-measurement:17.4.0] AndroidManifest.xml:26:22-107
35
36    <application
36-->src\main\AndroidManifest.xml:18:5-94:19
37        android:allowBackup="true"
37-->src\main\AndroidManifest.xml:19:9-35
38        android:appComponentFactory="androidx.core.app.CoreComponentFactory"
38-->[androidx.core:core:1.2.0] AndroidManifest.xml:24:18-86
39        android:debuggable="true"
40        android:extractNativeLibs="false"
41        android:icon="@mipmap/ic_launcher"
41-->src\main\AndroidManifest.xml:20:9-43
42        android:label="@string/app_name"
42-->src\main\AndroidManifest.xml:21:9-41
43        android:roundIcon="@mipmap/ic_launcher_round"
43-->src\main\AndroidManifest.xml:22:9-54
44        android:supportsRtl="true"
44-->src\main\AndroidManifest.xml:23:9-35
45        android:testOnly="true"
46        android:theme="@style/AppTheme" >
46-->src\main\AndroidManifest.xml:24:9-40
47        <activity android:name="com.giggle.prototype.SavedAdActivity" />
47-->src\main\AndroidManifest.xml:25:9-62
47-->src\main\AndroidManifest.xml:25:19-50
48        <activity android:name="com.giggle.prototype.AdDetailApply" />
48-->src\main\AndroidManifest.xml:26:9-51
48-->src\main\AndroidManifest.xml:26:19-48
49
50        <!--
51             The API key for Google Maps-based APIs is defined as a string resource.
52             (See the file "res/values/google_maps_api.xml").
53             Note that the API key is linked to the encryption key used to sign the APK.
54             You need a different API key for each encryption key, including the release key that is used to
55             sign the APK for publishing.
56             You can define the keys for the debug and release targets in src/debug/ and src/release/.
57        -->
58        <activity android:name="com.giggle.prototype.LoginActivity" >
58-->src\main\AndroidManifest.xml:36:9-52:20
58-->src\main\AndroidManifest.xml:36:19-48
59            <intent-filter>
59-->src\main\AndroidManifest.xml:37:13-41:29
60                <action android:name="android.intent.action.MAIN" />
60-->src\main\AndroidManifest.xml:38:17-69
60-->src\main\AndroidManifest.xml:38:25-66
61
62                <category android:name="android.intent.category.LAUNCHER" />
62-->src\main\AndroidManifest.xml:40:17-77
62-->src\main\AndroidManifest.xml:40:27-74
63            </intent-filter>
64            <intent-filter>
64-->src\main\AndroidManifest.xml:42:13-51:29
65                <action android:name="android.intent.action.VIEW" />
65-->src\main\AndroidManifest.xml:43:17-69
65-->src\main\AndroidManifest.xml:43:25-66
66
67                <category android:name="android.intent.category.DEFAULT" />
67-->src\main\AndroidManifest.xml:45:17-76
67-->src\main\AndroidManifest.xml:45:27-73
68                <category android:name="android.intent.category.BROWSABLE" />
68-->src\main\AndroidManifest.xml:46:17-78
68-->src\main\AndroidManifest.xml:46:27-75
69
70                <data
70-->src\main\AndroidManifest.xml:48:17-50:45
71                    android:host="google.com"
71-->src\main\AndroidManifest.xml:49:21-46
72                    android:scheme="http" />
72-->src\main\AndroidManifest.xml:50:21-42
73            </intent-filter>
74        </activity>
75        <activity
75-->src\main\AndroidManifest.xml:53:9-55:35
76            android:name="com.giggle.prototype.MainActivity"
76-->src\main\AndroidManifest.xml:54:13-41
77            android:label="Map" />
77-->src\main\AndroidManifest.xml:55:13-32
78
79        <meta-data
79-->src\main\AndroidManifest.xml:57:9-59:71
80            android:name="com.google.android.geo.API_KEY"
80-->src\main\AndroidManifest.xml:58:13-58
81            android:value="AIzaSyBBAGMHO44HqgOqsmT46BrZPGvOjsPHNiw" />
81-->src\main\AndroidManifest.xml:59:13-68
82        <meta-data
82-->src\main\AndroidManifest.xml:60:9-62:69
83            android:name="com.google.android.gms.version"
83-->src\main\AndroidManifest.xml:61:13-58
84            android:value="@integer/google_play_services_version" />
84-->src\main\AndroidManifest.xml:62:13-66
85
86        <provider
86-->src\main\AndroidManifest.xml:64:9-72:20
87            android:name="androidx.core.content.FileProvider"
87-->src\main\AndroidManifest.xml:65:13-62
88            android:authorities="com.giggle.prototype"
88-->src\main\AndroidManifest.xml:66:13-55
89            android:exported="false"
89-->src\main\AndroidManifest.xml:67:13-37
90            android:grantUriPermissions="true" >
90-->src\main\AndroidManifest.xml:68:13-47
91            <meta-data
91-->src\main\AndroidManifest.xml:69:13-71:54
92                android:name="android.support.FILE_PROVIDER_PATHS"
92-->src\main\AndroidManifest.xml:70:17-67
93                android:resource="@xml/file_paths" />
93-->src\main\AndroidManifest.xml:71:17-51
94        </provider>
95
96        <activity android:name="com.giggle.prototype.SignInActivity" />
96-->src\main\AndroidManifest.xml:74:9-52
96-->src\main\AndroidManifest.xml:74:19-49
97        <activity android:name="com.giggle.prototype.SignInActivity1" />
97-->src\main\AndroidManifest.xml:75:9-53
97-->src\main\AndroidManifest.xml:75:19-50
98        <activity android:name="com.giggle.prototype.SignUpActivity1" />
98-->src\main\AndroidManifest.xml:76:9-53
98-->src\main\AndroidManifest.xml:76:19-50
99        <activity android:name="com.giggle.prototype.SignUpActivity2" />
99-->src\main\AndroidManifest.xml:77:9-53
99-->src\main\AndroidManifest.xml:77:19-50
100        <activity android:name="com.giggle.prototype.ResetActivity" />
100-->src\main\AndroidManifest.xml:78:9-51
100-->src\main\AndroidManifest.xml:78:19-48
101        <activity android:name="com.giggle.prototype.MemberInfoActivity" />
101-->src\main\AndroidManifest.xml:79:9-56
101-->src\main\AndroidManifest.xml:79:19-53
102        <activity android:name="com.giggle.prototype.IngAdActivity" />
102-->src\main\AndroidManifest.xml:80:9-51
102-->src\main\AndroidManifest.xml:80:19-48
103        <activity android:name="com.giggle.prototype.IngAd_DetailActivity" />
103-->src\main\AndroidManifest.xml:81:9-58
103-->src\main\AndroidManifest.xml:81:19-55
104        <activity android:name="com.giggle.prototype.CompleteAdActivity" />
104-->src\main\AndroidManifest.xml:82:9-56
104-->src\main\AndroidManifest.xml:82:19-53
105        <activity android:name="com.giggle.prototype.MemDetail" />
105-->src\main\AndroidManifest.xml:83:9-47
105-->src\main\AndroidManifest.xml:83:19-44
106        <activity android:name="com.giggle.prototype.applicantsActivity" />
106-->src\main\AndroidManifest.xml:84:9-56
106-->src\main\AndroidManifest.xml:84:19-53
107        <activity android:name="com.giggle.prototype.CompleteAdDetailActivity" />
107-->src\main\AndroidManifest.xml:85:9-62
107-->src\main\AndroidManifest.xml:85:19-59
108        <activity android:name="com.giggle.prototype.parttimerActivity" />
108-->src\main\AndroidManifest.xml:86:9-55
108-->src\main\AndroidManifest.xml:86:19-52
109
110        <service
110-->src\main\AndroidManifest.xml:87:9-93:19
111            android:name="com.giggle.prototype.MyFirebaseMessagingService"
111-->src\main\AndroidManifest.xml:88:13-55
112            android:exported="false" >
112-->src\main\AndroidManifest.xml:89:13-37
113            <intent-filter>
113-->src\main\AndroidManifest.xml:90:13-92:29
114                <action android:name="com.google.firebase.MESSAGING_EVENT" />
114-->src\main\AndroidManifest.xml:91:17-78
114-->src\main\AndroidManifest.xml:91:25-75
115            </intent-filter>
116        </service>
117
118        <activity
118-->[com.google.firebase:firebase-auth:19.3.1] AndroidManifest.xml:24:9-31:50
119            android:name="com.google.firebase.auth.internal.FederatedSignInActivity"
119-->[com.google.firebase:firebase-auth:19.3.1] AndroidManifest.xml:25:13-85
120            android:excludeFromRecents="true"
120-->[com.google.firebase:firebase-auth:19.3.1] AndroidManifest.xml:26:13-46
121            android:exported="true"
121-->[com.google.firebase:firebase-auth:19.3.1] AndroidManifest.xml:27:13-36
122            android:launchMode="singleTask"
122-->[com.google.firebase:firebase-auth:19.3.1] AndroidManifest.xml:28:13-44
123            android:permission="com.google.firebase.auth.api.gms.permission.LAUNCH_FEDERATED_SIGN_IN"
123-->[com.google.firebase:firebase-auth:19.3.1] AndroidManifest.xml:29:13-102
124            android:theme="@android:style/Theme.Translucent.NoTitleBar" />
124-->[com.google.firebase:firebase-auth:19.3.1] AndroidManifest.xml:30:13-72
125
126        <service
126-->[com.google.firebase:firebase-auth:19.3.1] AndroidManifest.xml:33:9-39:19
127            android:name="com.google.firebase.components.ComponentDiscoveryService"
127-->[com.google.firebase:firebase-auth:19.3.1] AndroidManifest.xml:34:13-84
128            android:directBootAware="true"
128-->[com.google.firebase:firebase-common:19.3.0] AndroidManifest.xml:34:13-43
129            android:exported="false" >
129-->[com.google.firebase:firebase-auth:19.3.1] AndroidManifest.xml:35:13-37
130            <meta-data
130-->[com.google.firebase:firebase-auth:19.3.1] AndroidManifest.xml:36:13-38:85
131                android:name="com.google.firebase.components:com.google.firebase.auth.FirebaseAuthRegistrar"
131-->[com.google.firebase:firebase-auth:19.3.1] AndroidManifest.xml:37:17-109
132                android:value="com.google.firebase.components.ComponentRegistrar" />
132-->[com.google.firebase:firebase-auth:19.3.1] AndroidManifest.xml:38:17-82
133            <meta-data
133-->[com.google.firebase:firebase-firestore:21.4.3] AndroidManifest.xml:20:13-22:85
134                android:name="com.google.firebase.components:com.google.firebase.firestore.FirestoreRegistrar"
134-->[com.google.firebase:firebase-firestore:21.4.3] AndroidManifest.xml:21:17-111
135                android:value="com.google.firebase.components.ComponentRegistrar" />
135-->[com.google.firebase:firebase-firestore:21.4.3] AndroidManifest.xml:22:17-82
136            <meta-data
136-->[com.google.firebase:firebase-storage:19.1.0] AndroidManifest.xml:33:13-35:85
137                android:name="com.google.firebase.components:com.google.firebase.storage.StorageRegistrar"
137-->[com.google.firebase:firebase-storage:19.1.0] AndroidManifest.xml:34:17-107
138                android:value="com.google.firebase.components.ComponentRegistrar" />
138-->[com.google.firebase:firebase-storage:19.1.0] AndroidManifest.xml:35:17-82
139            <meta-data
139-->[com.google.firebase:firebase-messaging:20.1.5] AndroidManifest.xml:38:13-40:85
140                android:name="com.google.firebase.components:com.google.firebase.messaging.FirebaseMessagingRegistrar"
140-->[com.google.firebase:firebase-messaging:20.1.5] AndroidManifest.xml:39:17-119
141                android:value="com.google.firebase.components.ComponentRegistrar" />
141-->[com.google.firebase:firebase-messaging:20.1.5] AndroidManifest.xml:40:17-82
142            <meta-data
142-->[com.google.android.gms:play-services-measurement-api:17.4.0] AndroidManifest.xml:30:13-32:85
143                android:name="com.google.firebase.components:com.google.firebase.analytics.connector.internal.AnalyticsConnectorRegistrar"
143-->[com.google.android.gms:play-services-measurement-api:17.4.0] AndroidManifest.xml:31:17-139
144                android:value="com.google.firebase.components.ComponentRegistrar" />
144-->[com.google.android.gms:play-services-measurement-api:17.4.0] AndroidManifest.xml:32:17-82
145            <meta-data
145-->[com.google.firebase:firebase-iid:20.1.5] AndroidManifest.xml:32:13-34:85
146                android:name="com.google.firebase.components:com.google.firebase.iid.Registrar"
146-->[com.google.firebase:firebase-iid:20.1.5] AndroidManifest.xml:33:17-96
147                android:value="com.google.firebase.components.ComponentRegistrar" />
147-->[com.google.firebase:firebase-iid:20.1.5] AndroidManifest.xml:34:17-82
148            <meta-data
148-->[com.google.firebase:firebase-datatransport:17.0.3] AndroidManifest.xml:28:13-30:85
149                android:name="com.google.firebase.components:com.google.firebase.datatransport.TransportRegistrar"
149-->[com.google.firebase:firebase-datatransport:17.0.3] AndroidManifest.xml:29:17-115
150                android:value="com.google.firebase.components.ComponentRegistrar" />
150-->[com.google.firebase:firebase-datatransport:17.0.3] AndroidManifest.xml:30:17-82
151            <meta-data
151-->[com.google.firebase:firebase-installations:16.2.1] AndroidManifest.xml:17:13-19:85
152                android:name="com.google.firebase.components:com.google.firebase.installations.FirebaseInstallationsRegistrar"
152-->[com.google.firebase:firebase-installations:16.2.1] AndroidManifest.xml:18:17-127
153                android:value="com.google.firebase.components.ComponentRegistrar" />
153-->[com.google.firebase:firebase-installations:16.2.1] AndroidManifest.xml:19:17-82
154        </service> <!-- Needs to be explicitly declared on P+ -->
155        <uses-library
155-->[com.google.android.gms:play-services-maps:17.0.0] AndroidManifest.xml:33:9-35:40
156            android:name="org.apache.http.legacy"
156-->[com.google.android.gms:play-services-maps:17.0.0] AndroidManifest.xml:34:13-50
157            android:required="false" />
157-->[com.google.android.gms:play-services-maps:17.0.0] AndroidManifest.xml:35:13-37
158        <!--
159             FirebaseMessagingService performs security checks at runtime,
160             but set to not exported to explicitly avoid allowing another app to call it.
161        -->
162        <service
162-->[com.google.firebase:firebase-messaging:20.1.5] AndroidManifest.xml:28:9-34:19
163            android:name="com.google.firebase.messaging.FirebaseMessagingService"
163-->[com.google.firebase:firebase-messaging:20.1.5] AndroidManifest.xml:29:13-82
164            android:exported="false" >
164-->[com.google.firebase:firebase-messaging:20.1.5] AndroidManifest.xml:30:13-37
165            <intent-filter android:priority="-500" >
165-->src\main\AndroidManifest.xml:90:13-92:29
166                <action android:name="com.google.firebase.MESSAGING_EVENT" />
166-->src\main\AndroidManifest.xml:91:17-78
166-->src\main\AndroidManifest.xml:91:25-75
167            </intent-filter>
168        </service>
169
170        <receiver
170-->[com.google.firebase:firebase-iid:20.1.5] AndroidManifest.xml:37:9-44:20
171            android:name="com.google.firebase.iid.FirebaseInstanceIdReceiver"
171-->[com.google.firebase:firebase-iid:20.1.5] AndroidManifest.xml:38:13-78
172            android:exported="true"
172-->[com.google.firebase:firebase-iid:20.1.5] AndroidManifest.xml:39:13-36
173            android:permission="com.google.android.c2dm.permission.SEND" >
173-->[com.google.firebase:firebase-iid:20.1.5] AndroidManifest.xml:40:13-73
174            <intent-filter>
174-->[com.google.firebase:firebase-iid:20.1.5] AndroidManifest.xml:41:13-43:29
175                <action android:name="com.google.android.c2dm.intent.RECEIVE" />
175-->[com.google.firebase:firebase-iid:20.1.5] AndroidManifest.xml:42:17-81
175-->[com.google.firebase:firebase-iid:20.1.5] AndroidManifest.xml:42:25-78
176            </intent-filter>
177        </receiver>
178
179        <activity
179-->[com.google.android.gms:play-services-base:17.1.0] AndroidManifest.xml:23:9-26:75
180            android:name="com.google.android.gms.common.api.GoogleApiActivity"
180-->[com.google.android.gms:play-services-base:17.1.0] AndroidManifest.xml:24:13-79
181            android:exported="false"
181-->[com.google.android.gms:play-services-base:17.1.0] AndroidManifest.xml:25:13-37
182            android:theme="@android:style/Theme.Translucent.NoTitleBar" />
182-->[com.google.android.gms:play-services-base:17.1.0] AndroidManifest.xml:26:13-72
183
184        <provider
184-->[com.google.firebase:firebase-common:19.3.0] AndroidManifest.xml:26:9-30:39
185            android:name="com.google.firebase.provider.FirebaseInitProvider"
185-->[com.google.firebase:firebase-common:19.3.0] AndroidManifest.xml:27:13-77
186            android:authorities="com.giggle.prototype.firebaseinitprovider"
186-->[com.google.firebase:firebase-common:19.3.0] AndroidManifest.xml:28:13-72
187            android:exported="false"
187-->[com.google.firebase:firebase-common:19.3.0] AndroidManifest.xml:29:13-37
188            android:initOrder="100" />
188-->[com.google.firebase:firebase-common:19.3.0] AndroidManifest.xml:30:13-36
189
190        <receiver
190-->[com.google.android.gms:play-services-measurement:17.4.0] AndroidManifest.xml:29:9-33:20
191            android:name="com.google.android.gms.measurement.AppMeasurementReceiver"
191-->[com.google.android.gms:play-services-measurement:17.4.0] AndroidManifest.xml:30:13-85
192            android:enabled="true"
192-->[com.google.android.gms:play-services-measurement:17.4.0] AndroidManifest.xml:31:13-35
193            android:exported="false" >
193-->[com.google.android.gms:play-services-measurement:17.4.0] AndroidManifest.xml:32:13-37
194        </receiver>
195
196        <service
196-->[com.google.android.gms:play-services-measurement:17.4.0] AndroidManifest.xml:35:9-38:40
197            android:name="com.google.android.gms.measurement.AppMeasurementService"
197-->[com.google.android.gms:play-services-measurement:17.4.0] AndroidManifest.xml:36:13-84
198            android:enabled="true"
198-->[com.google.android.gms:play-services-measurement:17.4.0] AndroidManifest.xml:37:13-35
199            android:exported="false" />
199-->[com.google.android.gms:play-services-measurement:17.4.0] AndroidManifest.xml:38:13-37
200        <service
200-->[com.google.android.gms:play-services-measurement:17.4.0] AndroidManifest.xml:39:9-43:72
201            android:name="com.google.android.gms.measurement.AppMeasurementJobService"
201-->[com.google.android.gms:play-services-measurement:17.4.0] AndroidManifest.xml:40:13-87
202            android:enabled="true"
202-->[com.google.android.gms:play-services-measurement:17.4.0] AndroidManifest.xml:41:13-35
203            android:exported="false"
203-->[com.google.android.gms:play-services-measurement:17.4.0] AndroidManifest.xml:42:13-37
204            android:permission="android.permission.BIND_JOB_SERVICE" />
204-->[com.google.android.gms:play-services-measurement:17.4.0] AndroidManifest.xml:43:13-69
205
206        <provider
206-->[androidx.lifecycle:lifecycle-process:2.2.0] AndroidManifest.xml:25:9-29:43
207            android:name="androidx.lifecycle.ProcessLifecycleOwnerInitializer"
207-->[androidx.lifecycle:lifecycle-process:2.2.0] AndroidManifest.xml:26:13-79
208            android:authorities="com.giggle.prototype.lifecycle-process"
208-->[androidx.lifecycle:lifecycle-process:2.2.0] AndroidManifest.xml:27:13-69
209            android:exported="false"
209-->[androidx.lifecycle:lifecycle-process:2.2.0] AndroidManifest.xml:28:13-37
210            android:multiprocess="true" />
210-->[androidx.lifecycle:lifecycle-process:2.2.0] AndroidManifest.xml:29:13-40
211
212        <service
212-->[com.google.android.datatransport:transport-backend-cct:2.2.0] AndroidManifest.xml:29:9-35:19
213            android:name="com.google.android.datatransport.runtime.backends.TransportBackendDiscovery"
213-->[com.google.android.datatransport:transport-backend-cct:2.2.0] AndroidManifest.xml:30:13-103
214            android:exported="false" >
214-->[com.google.android.datatransport:transport-backend-cct:2.2.0] AndroidManifest.xml:31:13-37
215            <meta-data
215-->[com.google.android.datatransport:transport-backend-cct:2.2.0] AndroidManifest.xml:32:13-34:39
216                android:name="backend:com.google.android.datatransport.cct.CctBackendFactory"
216-->[com.google.android.datatransport:transport-backend-cct:2.2.0] AndroidManifest.xml:33:17-94
217                android:value="cct" />
217-->[com.google.android.datatransport:transport-backend-cct:2.2.0] AndroidManifest.xml:34:17-36
218        </service>
219        <service
219-->[com.google.android.datatransport:transport-runtime:2.2.0] AndroidManifest.xml:26:9-30:19
220            android:name="com.google.android.datatransport.runtime.scheduling.jobscheduling.JobInfoSchedulerService"
220-->[com.google.android.datatransport:transport-runtime:2.2.0] AndroidManifest.xml:27:13-117
221            android:exported="false"
221-->[com.google.android.datatransport:transport-runtime:2.2.0] AndroidManifest.xml:28:13-37
222            android:permission="android.permission.BIND_JOB_SERVICE" >
222-->[com.google.android.datatransport:transport-runtime:2.2.0] AndroidManifest.xml:29:13-69
223        </service>
224
225        <receiver
225-->[com.google.android.datatransport:transport-runtime:2.2.0] AndroidManifest.xml:32:9-34:40
226            android:name="com.google.android.datatransport.runtime.scheduling.jobscheduling.AlarmManagerSchedulerBroadcastReceiver"
226-->[com.google.android.datatransport:transport-runtime:2.2.0] AndroidManifest.xml:33:13-132
227            android:exported="false" />
227-->[com.google.android.datatransport:transport-runtime:2.2.0] AndroidManifest.xml:34:13-37
228    </application>
229
230</manifest>